{"level":"error","message":"Sensor já cadastrado! - /api/sensors - ::1 "}
{"level":"error","message":"Token Inválido! - /api/sensors - ::1 "}
{"level":"error","message":"Token Inválido! - /api/sensors - ::1 "}
{"level":"error","message":"Token Inválido! - /api/login - ::1 "}
{"level":"error","message":"Token Inválido! - /api/login - ::1 "}
{"level":"error","message":"Token Inválido! - /api/login - ::1 "}
{"level":"error","message":"Cannot read properties of undefined (reading 'autService') - /api/login - ::1 "}
{"level":"error","message":"Cannot read properties of undefined (reading 'autService') - /api/login - ::1 "}
{"level":"error","message":"Cannot read properties of undefined (reading 'autService') - /api/login - ::1 "}
{"level":"error","message":"Cannot read properties of undefined (reading 'autService') - /api/login - ::1 "}
{"level":"error","message":"Credências Inválidas - /api/login - ::1 "}
{"level":"error","message":"Credências Inválidas - /api/login - ::1 "}
{"level":"error","message":"Illegal arguments: undefined, string - /api/login - ::1 "}
{"level":"error","message":"Credências Inválidas - /api/login - ::1 "}
{"level":"error","message":"null value in column \"tokenhash\" of relation \"refreshtoken\" violates not-null constraint - /api/login - ::1 "}
{"level":"error","message":"null value in column \"tokenhash\" of relation \"refreshtoken\" violates not-null constraint - /api/login - ::1 "}
{"level":"error","message":"null value in column \"tokenhash\" of relation \"refreshtoken\" violates not-null constraint - /api/login - ::1 "}
{"level":"error","message":"Unexpected token '~', \"~,.çlmmkfn\"... is not valid JSON - /api/sensors - ::1 "}
{"level":"error","message":"Unexpected token '~', \"~,.çlmmkfn\"... is not valid JSON - /api/sensors - ::1 "}
{"level":"error","message":"Token Inválido! - /api/sensors - ::1 "}
{"level":"error","message":"Token Inválido! - /api/sensors - ::1 "}
{"level":"error","message":"Token Inválido! - /api/sensors - ::1 "}
{"level":"error","message":"Token Inválido! - /api/sensors - ::1 "}
{"level":"error","message":"Token Inválido! - /api/sensors - ::1 "}
{"level":"error","message":"Illegal arguments: undefined, string - /api/login - ::1 "}
{"level":"error","message":"Illegal arguments: undefined, string - /api/login - ::1 "}
{"level":"error","message":"Illegal arguments: undefined, string - /api/login - ::1 "}
{"level":"error","message":"Illegal arguments: undefined, string - /api/login - ::1 "}
{"level":"error","message":"Illegal arguments: undefined, string - /api/login - ::1 "}
{"level":"error","message":"Illegal arguments: undefined, string - /api/login - ::1 "}
{"level":"error","message":"Illegal arguments: undefined, string - /api/login - ::1 "}
{"level":"error","message":"Illegal arguments: undefined, string - /api/login - ::1 "}
{"level":"error","message":"Illegal arguments: undefined, string - /api/login - ::1 "}
{"level":"error","message":"Token Inválido! - /api/areas - ::1 "}
{"level":"error","message":"jwt must be provided - /api/refresh - ::1 "}
{"level":"error","message":"Token Inválido! - /api/areas - ::1 "}
{"level":"error","message":"jwt must be provided - /api/refresh - ::1 "}
{"level":"error","message":"Token Inválido! - /api/areas - ::1 "}
{"level":"error","message":"jwt must be provided - /api/refresh - ::1 "}
{"level":"error","message":"Token Inválido! - /api/areas - ::1 "}
{"level":"error","message":"jwt must be provided - /api/refresh - ::1 "}
{"level":"error","message":"Token Inválido! - /api/areas - ::1 "}
{"level":"error","message":"jwt must be provided - /api/refresh - ::1 "}
{"level":"error","message":"Token Inválido! - /api/areas - ::1 "}
{"level":"error","message":"jwt must be provided - /api/refresh - ::1 "}
{"level":"error","message":"Token Inválido! - /api/areas - ::1 "}
{"level":"error","message":"jwt must be provided - /api/refresh - ::1 "}
{"level":"error","message":"Token Inválido! - /api/areas - ::1 "}
{"level":"error","message":"jwt must be provided - /api/refresh - ::1 "}
{"level":"error","message":"Token Inválido! - /api/areas - ::1 "}
{"level":"error","message":"jwt must be provided - /api/refresh - ::1 "}
{"level":"error","message":"Token Inválido! - /api/areas - ::1 "}
{"level":"error","message":"jwt malformed - /api/refresh - ::1 "}
{"level":"error","message":"Token Inválido! - /api/areas - ::1 "}
{"level":"error","message":"jwt malformed - /api/refresh - ::1 "}
{"level":"error","message":"Token Inválido! - /api/areas - ::1 "}
{"level":"error","message":"jwt malformed - /api/refresh - ::1 "}
{"level":"error","message":"Token Inválido! - /api/areas - ::1 "}
{"level":"error","message":"jwt malformed - /api/refresh - ::1 "}
{"level":"error","message":"Token Inválido! - /api/areas - ::1 "}
{"level":"error","message":"Token Inválido! - /api/areas - ::1 "}
{"level":"error","message":"Token Inválido! - /api/areas - ::1 "}
{"level":"error","message":"Token inválido - /api/refresh - ::1 "}
{"level":"error","message":"Token inválido - /api/refresh - ::1 "}
{"level":"error","message":"Token inválido - /api/refresh - ::1 "}
{"level":"error","message":"Token inválido - /api/refresh - ::1 "}
{"level":"error","message":"Token inválido - /api/refresh - ::1 "}
{"level":"error","message":"Token inválido - /api/refresh - ::1 "}
{"level":"error","message":"Token inválido - /api/refresh - ::1 "}
{"level":"error","message":"Token inválido - /api/refresh - ::1 "}
{"level":"error","message":"Token inválido - /api/refresh - ::1 "}
{"level":"error","message":"Token inválido - /api/refresh - ::1 "}
{"level":"error","message":"Token inválido - /api/refresh - ::1 "}
{"level":"error","message":"Token inválido - /api/refresh - ::1 "}
{"level":"error","message":"Token inválido - /api/refresh - ::1 "}
{"level":"error","message":"Token inválido - /api/refresh - ::1 "}
{"level":"error","message":"Token inválido - /api/refresh - ::1 "}
{"level":"error","message":"Token inválido - /api/refresh - ::1 "}
{"level":"error","message":"Token inválido - /api/refresh - ::1 "}
{"level":"error","message":"Token inválido - /api/refresh - ::1 "}
{"level":"error","message":"Token inválido - /api/refresh - ::1 "}
{"level":"error","message":"Token inválido - /api/refresh - ::1 "}
{"level":"error","message":"Token inválido - /api/refresh - ::1 "}
{"level":"error","message":"Token inválido - /api/refresh - ::1 "}
{"level":"error","message":"Token inválido - /api/refresh - ::1 "}
{"level":"error","message":"Token inválido - /api/refresh - ::1 "}
{"level":"error","message":"Token inválido - /api/refresh - ::1 "}
{"level":"error","message":"Token inválido - /api/refresh - ::1 "}
{"level":"error","message":"Token inválido - /api/refresh - ::1 "}
{"level":"error","message":"Token inválido - /api/refresh - ::1 "}
{"level":"error","message":"Token inválido - /api/refresh - ::1 "}
{"level":"error","message":"Token inválido - /api/refresh - ::1 "}
{"level":"error","message":"Token inválido - /api/refresh - ::1 "}
{"level":"error","message":"Token inválido - /api/refresh - ::1 "}
{"level":"error","message":"Token inválido - /api/refresh - ::1 "}
{"level":"error","message":"Token inválido - /api/refresh - ::1 "}
{"level":"error","message":"Token inválido - /api/refresh - ::1 "}
{"level":"error","message":"Token inválido - /api/refresh - ::1 "}
{"level":"error","message":"Token inválido - /api/refresh - ::1 "}
{"level":"error","message":"Token inválido - /api/refresh - ::1 "}
{"level":"error","message":"Token inválido - /api/refresh - ::1 "}
{"level":"error","message":"Token inválido - /api/refresh - ::1 "}
{"level":"error","message":"Token inválido - /api/refresh - ::1 "}
{"level":"error","message":"Token inválido - /api/refresh - ::1 "}
{"level":"error","message":"Token inválido - /api/refresh - ::1 "}
{"level":"error","message":"Token inválido - /api/refresh - ::1 "}
{"level":"error","message":"Token inválido - /api/refresh - ::1 "}
{"level":"error","message":"Token inválido - /api/refresh - ::1 "}
{"level":"error","message":"Token inválido - /api/refresh - ::1 "}
{"level":"error","message":"Token inválido - /api/refresh - ::1 "}
{"level":"error","message":"Token inválido - /api/refresh - ::1 "}
{"level":"error","message":"Token inválido - /api/refresh - ::1 "}
{"level":"error","message":"Token inválido - /api/refresh - ::1 "}
{"level":"error","message":"Token inválido - /api/refresh - ::1 "}
{"level":"error","message":"Token inválido - /api/refresh - ::1 "}
{"level":"error","message":"Token inválido - /api/refresh - ::1 "}
{"level":"error","message":"Token inválido - /api/refresh - ::1 "}
{"level":"error","message":"Token inválido - /api/refresh - ::1 "}
{"level":"error","message":"Token inválido - /api/refresh - ::1 "}
{"level":"error","message":"Token inválido - /api/refresh - ::1 "}
{"level":"error","message":"Token inválido - /api/refresh - ::1 "}
{"level":"error","message":"Token inválido - /api/refresh - ::1 "}
{"level":"error","message":"Token inválido - /api/refresh - ::1 "}
{"level":"error","message":"Token inválido - /api/refresh - ::1 "}
{"level":"error","message":"Token inválido - /api/refresh - ::1 "}
{"level":"error","message":"Token inválido - /api/refresh - ::1 "}
{"level":"error","message":"Token inválido - /api/refresh - ::1 "}
{"level":"error","message":"Token inválido - /api/refresh - ::1 "}
{"level":"error","message":"Token inválido - /api/refresh - ::1 "}
{"level":"error","message":"Token inválido - /api/refresh - ::1 "}
{"level":"error","message":"Token inválido - /api/refresh - ::1 "}
{"level":"error","message":"Token inválido - /api/refresh - ::1 "}
{"level":"error","message":"Token inválido - /api/refresh - ::1 "}
{"level":"error","message":"Token inválido - /api/refresh - ::1 "}
{"level":"error","message":"Token inválido - /api/refresh - ::1 "}
{"level":"error","message":"Token inválido - /api/refresh - ::1 "}
{"level":"error","message":"Token inválido - /api/refresh - ::1 "}
{"level":"error","message":"Token inválido - /api/refresh - ::1 "}
{"level":"error","message":"Token inválido - /api/refresh - ::1 "}
{"level":"error","message":"Token inválido - /api/refresh - ::1 "}
{"level":"error","message":"Token inválido - /api/refresh - ::1 "}
{"level":"error","message":"Token inválido - /api/refresh - ::1 "}
{"level":"error","message":"Token inválido - /api/refresh - ::1 "}
{"level":"error","message":"Token inválido - /api/refresh - ::1 "}
{"level":"error","message":"Token inválido - /api/refresh - ::1 "}
{"level":"error","message":"Token inválido - /api/refresh - ::1 "}
{"level":"error","message":"Token inválido - /api/refresh - ::1 "}
{"level":"error","message":"Token inválido - /api/refresh - ::1 "}
{"level":"error","message":"Token inválido - /api/refresh - ::1 "}
{"level":"error","message":"Token inválido - /api/refresh - ::1 "}
{"level":"error","message":"Token inválido - /api/refresh - ::1 "}
{"level":"error","message":"Token inválido - /api/refresh - ::1 "}
{"level":"error","message":"Token inválido - /api/refresh - ::1 "}
{"level":"error","message":"Token inválido - /api/refresh - ::1 "}
{"level":"error","message":"Token Inválido! - /api/areas - ::1 "}
{"level":"error","message":"Token inválido - /api/refresh - ::1 "}
{"level":"error","message":"Token inválido - /api/refresh - ::1 "}
{"level":"error","message":"Token inválido - /api/refresh - ::1 "}
{"level":"error","message":"Token inválido - /api/refresh - ::1 "}
{"level":"error","message":"Token inválido - /api/refresh - ::1 "}
{"level":"error","message":"Token inválido - /api/refresh - ::1 "}
{"level":"error","message":"Token inválido - /api/refresh - ::1 "}
{"level":"error","message":"Token inválido - /api/refresh - ::1 "}
{"level":"error","message":"Token inválido - /api/refresh - ::1 "}
{"level":"error","message":"Token inválido - /api/refresh - ::1 "}
{"level":"error","message":"Token inválido - /api/refresh - ::1 "}
{"level":"error","message":"Token inválido - /api/refresh - ::1 "}
{"level":"error","message":"Token inválido - /api/refresh - ::1 "}
{"level":"error","message":"Token inválido - /api/refresh - ::1 "}
{"level":"error","message":"Token inválido - /api/refresh - ::1 "}
{"level":"error","message":"Token inválido - /api/refresh - ::1 "}
{"level":"error","message":"Token inválido - /api/refresh - ::1 "}
{"level":"error","message":"Token inválido - /api/refresh - ::1 "}
{"level":"error","message":"Token inválido - /api/refresh - ::1 "}
{"level":"error","message":"Token inválido - /api/refresh - ::1 "}
{"level":"error","message":"Token inválido - /api/refresh - ::1 "}
{"level":"error","message":"Token inválido - /api/refresh - ::1 "}
{"level":"error","message":"Token inválido - /api/refresh - ::1 "}
{"level":"error","message":"Token inválido - /api/refresh - ::1 "}
{"level":"error","message":"Token inválido - /api/refresh - ::1 "}
{"level":"error","message":"Token inválido - /api/refresh - ::1 "}
{"level":"error","message":"Token inválido - /api/refresh - ::1 "}
{"level":"error","message":"Token inválido - /api/refresh - ::1 "}
{"level":"error","message":"Token inválido - /api/refresh - ::1 "}
{"level":"error","message":"Token inválido - /api/refresh - ::1 "}
{"level":"error","message":"Token inválido - /api/refresh - ::1 "}
{"level":"error","message":"Token inválido - /api/refresh - ::1 "}
{"level":"error","message":"Token inválido - /api/refresh - ::1 "}
{"level":"error","message":"Token inválido - /api/refresh - ::1 "}
{"level":"error","message":"Token inválido - /api/refresh - ::1 "}
{"level":"error","message":"Token inválido - /api/refresh - ::1 "}
{"level":"error","message":"Token inválido - /api/refresh - ::1 "}
{"level":"error","message":"Token inválido - /api/refresh - ::1 "}
{"level":"error","message":"Token inválido - /api/refresh - ::1 "}
{"level":"error","message":"Token inválido - /api/refresh - ::1 "}
{"level":"error","message":"Token inválido - /api/refresh - ::1 "}
{"level":"error","message":"Token inválido - /api/refresh - ::1 "}
{"level":"error","message":"Token inválido - /api/refresh - ::1 "}
{"level":"error","message":"Token inválido - /api/refresh - ::1 "}
{"level":"error","message":"Token inválido - /api/refresh - ::1 "}
{"level":"error","message":"Token inválido - /api/refresh - ::1 "}
{"level":"error","message":"Token inválido - /api/refresh - ::1 "}
{"level":"error","message":"Token inválido - /api/refresh - ::1 "}
{"level":"error","message":"Token inválido - /api/refresh - ::1 "}
{"level":"error","message":"Token inválido - /api/refresh - ::1 "}
{"level":"error","message":"Token inválido - /api/refresh - ::1 "}
{"level":"error","message":"Token inválido - /api/refresh - ::1 "}
{"level":"error","message":"Token inválido - /api/refresh - ::1 "}
{"level":"error","message":"Token inválido - /api/refresh - ::1 "}
{"level":"error","message":"Token inválido - /api/refresh - ::1 "}
{"level":"error","message":"Token inválido - /api/refresh - ::1 "}
{"level":"error","message":"Token inválido - /api/refresh - ::1 "}
{"level":"error","message":"Token inválido - /api/refresh - ::1 "}
{"level":"error","message":"Token inválido - /api/refresh - ::1 "}
{"level":"error","message":"Token inválido - /api/refresh - ::1 "}
{"level":"error","message":"Token inválido - /api/refresh - ::1 "}
{"level":"error","message":"Token inválido - /api/refresh - ::1 "}
{"level":"error","message":"Token inválido - /api/refresh - ::1 "}
{"level":"error","message":"Token inválido - /api/refresh - ::1 "}
{"level":"error","message":"Token inválido - /api/refresh - ::1 "}
{"level":"error","message":"Token inválido - /api/refresh - ::1 "}
{"level":"error","message":"Token inválido - /api/refresh - ::1 "}
{"level":"error","message":"Token inválido - /api/refresh - ::1 "}
{"level":"error","message":"Token inválido - /api/refresh - ::1 "}
{"level":"error","message":"Token inválido - /api/refresh - ::1 "}
{"level":"error","message":"Token inválido - /api/refresh - ::1 "}
{"level":"error","message":"Token inválido - /api/refresh - ::1 "}
{"level":"error","message":"Token inválido - /api/refresh - ::1 "}
{"level":"error","message":"Token inválido - /api/refresh - ::1 "}
{"level":"error","message":"Token inválido - /api/refresh - ::1 "}
{"level":"error","message":"Token inválido - /api/refresh - ::1 "}
{"level":"error","message":"Token inválido - /api/refresh - ::1 "}
{"level":"error","message":"Token inválido - /api/refresh - ::1 "}
{"level":"error","message":"Token inválido - /api/refresh - ::1 "}
{"level":"error","message":"Token inválido - /api/refresh - ::1 "}
{"level":"error","message":"Token inválido - /api/refresh - ::1 "}
{"level":"error","message":"Token inválido - /api/refresh - ::1 "}
{"level":"error","message":"Token inválido - /api/refresh - ::1 "}
{"level":"error","message":"Token inválido - /api/refresh - ::1 "}
{"level":"error","message":"Token inválido - /api/refresh - ::1 "}
{"level":"error","message":"Token inválido - /api/refresh - ::1 "}
{"level":"error","message":"Token inválido - /api/refresh - ::1 "}
{"level":"error","message":"Token inválido - /api/refresh - ::1 "}
{"level":"error","message":"Token inválido - /api/refresh - ::1 "}
{"level":"error","message":"Token inválido - /api/refresh - ::1 "}
{"level":"error","message":"Token inválido - /api/refresh - ::1 "}
{"level":"error","message":"Token inválido - /api/refresh - ::1 "}
{"level":"error","message":"Token inválido - /api/refresh - ::1 "}
{"level":"error","message":"Token inválido - /api/refresh - ::1 "}
{"level":"error","message":"Token inválido - /api/refresh - ::1 "}
{"level":"error","message":"Token inválido - /api/refresh - ::1 "}
{"level":"error","message":"Token inválido - /api/refresh - ::1 "}
{"level":"error","message":"Token Inválido! - /api/areas - ::1 "}
{"level":"error","message":"Token inválido - /api/refresh - ::1 "}
{"level":"error","message":"Token inválido - /api/refresh - ::1 "}
{"level":"error","message":"Token inválido - /api/refresh - ::1 "}
{"level":"error","message":"Token inválido - /api/refresh - ::1 "}
{"level":"error","message":"Token inválido - /api/refresh - ::1 "}
{"level":"error","message":"Token inválido - /api/refresh - ::1 "}
{"level":"error","message":"Token inválido - /api/refresh - ::1 "}
{"level":"error","message":"Token inválido - /api/refresh - ::1 "}
{"level":"error","message":"Token inválido - /api/refresh - ::1 "}
{"level":"error","message":"Token inválido - /api/refresh - ::1 "}
{"level":"error","message":"Token inválido - /api/refresh - ::1 "}
{"level":"error","message":"Token inválido - /api/refresh - ::1 "}
{"level":"error","message":"Token inválido - /api/refresh - ::1 "}
{"level":"error","message":"Token inválido - /api/refresh - ::1 "}
{"level":"error","message":"Token inválido - /api/refresh - ::1 "}
{"level":"error","message":"Token inválido - /api/refresh - ::1 "}
{"level":"error","message":"Token inválido - /api/refresh - ::1 "}
{"level":"error","message":"Token inválido - /api/refresh - ::1 "}
{"level":"error","message":"Token inválido - /api/refresh - ::1 "}
{"level":"error","message":"Token inválido - /api/refresh - ::1 "}
{"level":"error","message":"Token inválido - /api/refresh - ::1 "}
{"level":"error","message":"Token inválido - /api/refresh - ::1 "}
{"level":"error","message":"Token inválido - /api/refresh - ::1 "}
{"level":"error","message":"Token inválido - /api/refresh - ::1 "}
{"level":"error","message":"Token inválido - /api/refresh - ::1 "}
{"level":"error","message":"Token inválido - /api/refresh - ::1 "}
{"level":"error","message":"Token inválido - /api/refresh - ::1 "}
{"level":"error","message":"Token inválido - /api/refresh - ::1 "}
{"level":"error","message":"Token inválido - /api/refresh - ::1 "}
{"level":"error","message":"Token inválido - /api/refresh - ::1 "}
{"level":"error","message":"Token inválido - /api/refresh - ::1 "}
{"level":"error","message":"Token inválido - /api/refresh - ::1 "}
{"level":"error","message":"Token inválido - /api/refresh - ::1 "}
{"level":"error","message":"Token inválido - /api/refresh - ::1 "}
{"level":"error","message":"Token inválido - /api/refresh - ::1 "}
{"level":"error","message":"Token inválido - /api/refresh - ::1 "}
{"level":"error","message":"Token inválido - /api/refresh - ::1 "}
{"level":"error","message":"Token inválido - /api/refresh - ::1 "}
{"level":"error","message":"Token inválido - /api/refresh - ::1 "}
{"level":"error","message":"Token inválido - /api/refresh - ::1 "}
{"level":"error","message":"Token inválido - /api/refresh - ::1 "}
{"level":"error","message":"Token inválido - /api/refresh - ::1 "}
{"level":"error","message":"Token inválido - /api/refresh - ::1 "}
{"level":"error","message":"Token inválido - /api/refresh - ::1 "}
{"level":"error","message":"Token inválido - /api/refresh - ::1 "}
{"level":"error","message":"Token inválido - /api/refresh - ::1 "}
{"level":"error","message":"Token inválido - /api/refresh - ::1 "}
{"level":"error","message":"Token inválido - /api/refresh - ::1 "}
{"level":"error","message":"Token inválido - /api/refresh - ::1 "}
{"level":"error","message":"Token inválido - /api/refresh - ::1 "}
{"level":"error","message":"Token inválido - /api/refresh - ::1 "}
{"level":"error","message":"Token inválido - /api/refresh - ::1 "}
{"level":"error","message":"Token inválido - /api/refresh - ::1 "}
{"level":"error","message":"Token inválido - /api/refresh - ::1 "}
{"level":"error","message":"Token inválido - /api/refresh - ::1 "}
{"level":"error","message":"Token inválido - /api/refresh - ::1 "}
{"level":"error","message":"Token inválido - /api/refresh - ::1 "}
{"level":"error","message":"Token inválido - /api/refresh - ::1 "}
{"level":"error","message":"Token inválido - /api/refresh - ::1 "}
{"level":"error","message":"Token inválido - /api/refresh - ::1 "}
{"level":"error","message":"Token inválido - /api/refresh - ::1 "}
{"level":"error","message":"Token inválido - /api/refresh - ::1 "}
{"level":"error","message":"Token inválido - /api/refresh - ::1 "}
{"level":"error","message":"Token inválido - /api/refresh - ::1 "}
{"level":"error","message":"Token inválido - /api/refresh - ::1 "}
{"level":"error","message":"Token inválido - /api/refresh - ::1 "}
{"level":"error","message":"Token inválido - /api/refresh - ::1 "}
{"level":"error","message":"Token inválido - /api/refresh - ::1 "}
{"level":"error","message":"Token inválido - /api/refresh - ::1 "}
{"level":"error","message":"Token inválido - /api/refresh - ::1 "}
{"level":"error","message":"Token inválido - /api/refresh - ::1 "}
{"level":"error","message":"Token inválido - /api/refresh - ::1 "}
{"level":"error","message":"Token inválido - /api/refresh - ::1 "}
{"level":"error","message":"Token inválido - /api/refresh - ::1 "}
{"level":"error","message":"Token inválido - /api/refresh - ::1 "}
{"level":"error","message":"Token inválido - /api/refresh - ::1 "}
{"level":"error","message":"Token inválido - /api/refresh - ::1 "}
{"level":"error","message":"Token inválido - /api/refresh - ::1 "}
{"level":"error","message":"Token inválido - /api/refresh - ::1 "}
{"level":"error","message":"Token inválido - /api/refresh - ::1 "}
{"level":"error","message":"Token inválido - /api/refresh - ::1 "}
{"level":"error","message":"Token inválido - /api/refresh - ::1 "}
{"level":"error","message":"Token inválido - /api/refresh - ::1 "}
{"level":"error","message":"Token inválido - /api/refresh - ::1 "}
{"level":"error","message":"Token inválido - /api/refresh - ::1 "}
{"level":"error","message":"Token inválido - /api/refresh - ::1 "}
{"level":"error","message":"Token inválido - /api/refresh - ::1 "}
{"level":"error","message":"Token inválido - /api/refresh - ::1 "}
{"level":"error","message":"Token inválido - /api/refresh - ::1 "}
{"level":"error","message":"Token inválido - /api/refresh - ::1 "}
{"level":"error","message":"Token inválido - /api/refresh - ::1 "}
{"level":"error","message":"Token inválido - /api/refresh - ::1 "}
{"level":"error","message":"Token inválido - /api/refresh - ::1 "}
{"level":"error","message":"Token inválido - /api/refresh - ::1 "}
{"level":"error","message":"Token inválido - /api/refresh - ::1 "}
{"level":"error","message":"Token inválido - /api/refresh - ::1 "}
{"level":"error","message":"Token inválido - /api/refresh - ::1 "}
{"level":"error","message":"Token Inválido! - /api/area - ::1 "}
{"level":"error","message":"Token Inválido! - /api/area - ::1 "}
{"level":"error","message":"Token Inválido! - /api/area - ::1 "}
{"level":"error","message":"Token inválido - /api/refresh - ::1 "}
{"level":"error","message":"Token inválido - /api/refresh - ::1 "}
{"level":"error","message":"Token inválido - /api/refresh - ::1 "}
{"level":"error","message":"Token inválido - /api/refresh - ::1 "}
{"level":"error","message":"Token inválido - /api/refresh - ::1 "}
{"level":"error","message":"Token inválido - /api/refresh - ::1 "}
{"level":"error","message":"Token inválido - /api/refresh - ::1 "}
{"level":"error","message":"Token inválido - /api/refresh - ::1 "}
{"level":"error","message":"Token inválido - /api/refresh - ::1 "}
{"level":"error","message":"Token inválido - /api/refresh - ::1 "}
{"level":"error","message":"Token inválido - /api/refresh - ::1 "}
{"level":"error","message":"Token inválido - /api/refresh - ::1 "}
{"level":"error","message":"Token inválido - /api/refresh - ::1 "}
{"level":"error","message":"Token inválido - /api/refresh - ::1 "}
{"level":"error","message":"Token inválido - /api/refresh - ::1 "}
{"level":"error","message":"Token inválido - /api/refresh - ::1 "}
{"level":"error","message":"Token inválido - /api/refresh - ::1 "}
{"level":"error","message":"Token inválido - /api/refresh - ::1 "}
{"level":"error","message":"Token inválido - /api/refresh - ::1 "}
{"level":"error","message":"Token inválido - /api/refresh - ::1 "}
{"level":"error","message":"Token inválido - /api/refresh - ::1 "}
{"level":"error","message":"Token inválido - /api/refresh - ::1 "}
{"level":"error","message":"Token inválido - /api/refresh - ::1 "}
{"level":"error","message":"Token inválido - /api/refresh - ::1 "}
{"level":"error","message":"Token inválido - /api/refresh - ::1 "}
{"level":"error","message":"Token inválido - /api/refresh - ::1 "}
{"level":"error","message":"Token inválido - /api/refresh - ::1 "}
{"level":"error","message":"Token inválido - /api/refresh - ::1 "}
{"level":"error","message":"Token inválido - /api/refresh - ::1 "}
{"level":"error","message":"Token inválido - /api/refresh - ::1 "}
{"level":"error","message":"Token inválido - /api/refresh - ::1 "}
{"level":"error","message":"Token inválido - /api/refresh - ::1 "}
{"level":"error","message":"Token inválido - /api/refresh - ::1 "}
{"level":"error","message":"Token inválido - /api/refresh - ::1 "}
{"level":"error","message":"Token inválido - /api/refresh - ::1 "}
{"level":"error","message":"Token inválido - /api/refresh - ::1 "}
{"level":"error","message":"Token inválido - /api/refresh - ::1 "}
{"level":"error","message":"Token inválido - /api/refresh - ::1 "}
{"level":"error","message":"Token inválido - /api/refresh - ::1 "}
{"level":"error","message":"Token inválido - /api/refresh - ::1 "}
{"level":"error","message":"Token inválido - /api/refresh - ::1 "}
{"level":"error","message":"Token inválido - /api/refresh - ::1 "}
{"level":"error","message":"Token inválido - /api/refresh - ::1 "}
{"level":"error","message":"Token inválido - /api/refresh - ::1 "}
{"level":"error","message":"Token inválido - /api/refresh - ::1 "}
{"level":"error","message":"Token inválido - /api/refresh - ::1 "}
{"level":"error","message":"Token inválido - /api/refresh - ::1 "}
{"level":"error","message":"Token inválido - /api/refresh - ::1 "}
{"level":"error","message":"Token inválido - /api/refresh - ::1 "}
{"level":"error","message":"Token inválido - /api/refresh - ::1 "}
{"level":"error","message":"Token inválido - /api/refresh - ::1 "}
{"level":"error","message":"Token inválido - /api/refresh - ::1 "}
{"level":"error","message":"Token inválido - /api/refresh - ::1 "}
{"level":"error","message":"Token inválido - /api/refresh - ::1 "}
{"level":"error","message":"Token inválido - /api/refresh - ::1 "}
{"level":"error","message":"Token inválido - /api/refresh - ::1 "}
{"level":"error","message":"Token inválido - /api/refresh - ::1 "}
{"level":"error","message":"Token inválido - /api/refresh - ::1 "}
{"level":"error","message":"Token inválido - /api/refresh - ::1 "}
{"level":"error","message":"Token inválido - /api/refresh - ::1 "}
{"level":"error","message":"Token inválido - /api/refresh - ::1 "}
{"level":"error","message":"Token inválido - /api/refresh - ::1 "}
{"level":"error","message":"Token inválido - /api/refresh - ::1 "}
{"level":"error","message":"Token inválido - /api/refresh - ::1 "}
{"level":"error","message":"Token inválido - /api/refresh - ::1 "}
{"level":"error","message":"Token inválido - /api/refresh - ::1 "}
{"level":"error","message":"Token inválido - /api/refresh - ::1 "}
{"level":"error","message":"Token inválido - /api/refresh - ::1 "}
{"level":"error","message":"Token inválido - /api/refresh - ::1 "}
{"level":"error","message":"Token inválido - /api/refresh - ::1 "}
{"level":"error","message":"Token inválido - /api/refresh - ::1 "}
{"level":"error","message":"Token inválido - /api/refresh - ::1 "}
{"level":"error","message":"Token inválido - /api/refresh - ::1 "}
{"level":"error","message":"Token inválido - /api/refresh - ::1 "}
{"level":"error","message":"Token inválido - /api/refresh - ::1 "}
{"level":"error","message":"Token inválido - /api/refresh - ::1 "}
{"level":"error","message":"Token inválido - /api/refresh - ::1 "}
{"level":"error","message":"Token inválido - /api/refresh - ::1 "}
{"level":"error","message":"Token inválido - /api/refresh - ::1 "}
{"level":"error","message":"Token inválido - /api/refresh - ::1 "}
{"level":"error","message":"Token inválido - /api/refresh - ::1 "}
{"level":"error","message":"Token inválido - /api/refresh - ::1 "}
{"level":"error","message":"Token inválido - /api/refresh - ::1 "}
{"level":"error","message":"Token inválido - /api/refresh - ::1 "}
{"level":"error","message":"Token inválido - /api/refresh - ::1 "}
{"level":"error","message":"Token inválido - /api/refresh - ::1 "}
{"level":"error","message":"Token inválido - /api/refresh - ::1 "}
{"level":"error","message":"Token inválido - /api/refresh - ::1 "}
{"level":"error","message":"Token inválido - /api/refresh - ::1 "}
{"level":"error","message":"Token inválido - /api/refresh - ::1 "}
{"level":"error","message":"Token inválido - /api/refresh - ::1 "}
{"level":"error","message":"Token inválido - /api/refresh - ::1 "}
{"level":"error","message":"Token Inválido! - /api/area - ::1 "}
{"level":"error","message":"Token inválido - /api/refresh - ::1 "}
{"level":"error","message":"Token inválido - /api/refresh - ::1 "}
{"level":"error","message":"Token inválido - /api/refresh - ::1 "}
{"level":"error","message":"Token inválido - /api/refresh - ::1 "}
{"level":"error","message":"Token inválido - /api/refresh - ::1 "}
{"level":"error","message":"Token inválido - /api/refresh - ::1 "}
{"level":"error","message":"Token inválido - /api/refresh - ::1 "}
{"level":"error","message":"Token inválido - /api/refresh - ::1 "}
{"level":"error","message":"Token inválido - /api/refresh - ::1 "}
{"level":"error","message":"Token inválido - /api/refresh - ::1 "}
{"level":"error","message":"Token inválido - /api/refresh - ::1 "}
{"level":"error","message":"Token inválido - /api/refresh - ::1 "}
{"level":"error","message":"Token inválido - /api/refresh - ::1 "}
{"level":"error","message":"Token inválido - /api/refresh - ::1 "}
{"level":"error","message":"Token inválido - /api/refresh - ::1 "}
{"level":"error","message":"Token inválido - /api/refresh - ::1 "}
{"level":"error","message":"Token inválido - /api/refresh - ::1 "}
{"level":"error","message":"Token inválido - /api/refresh - ::1 "}
{"level":"error","message":"Token inválido - /api/refresh - ::1 "}
{"level":"error","message":"Token inválido - /api/refresh - ::1 "}
{"level":"error","message":"Token inválido - /api/refresh - ::1 "}
{"level":"error","message":"Token inválido - /api/refresh - ::1 "}
{"level":"error","message":"Token inválido - /api/refresh - ::1 "}
{"level":"error","message":"Token inválido - /api/refresh - ::1 "}
{"level":"error","message":"Token inválido - /api/refresh - ::1 "}
{"level":"error","message":"Token inválido - /api/refresh - ::1 "}
{"level":"error","message":"Token inválido - /api/refresh - ::1 "}
{"level":"error","message":"Token inválido - /api/refresh - ::1 "}
{"level":"error","message":"Token inválido - /api/refresh - ::1 "}
{"level":"error","message":"Token inválido - /api/refresh - ::1 "}
{"level":"error","message":"Token inválido - /api/refresh - ::1 "}
{"level":"error","message":"Token inválido - /api/refresh - ::1 "}
{"level":"error","message":"Token inválido - /api/refresh - ::1 "}
{"level":"error","message":"Token inválido - /api/refresh - ::1 "}
{"level":"error","message":"Token inválido - /api/refresh - ::1 "}
{"level":"error","message":"Token inválido - /api/refresh - ::1 "}
{"level":"error","message":"Token inválido - /api/refresh - ::1 "}
{"level":"error","message":"Token inválido - /api/refresh - ::1 "}
{"level":"error","message":"Token inválido - /api/refresh - ::1 "}
{"level":"error","message":"Token inválido - /api/refresh - ::1 "}
{"level":"error","message":"Token inválido - /api/refresh - ::1 "}
{"level":"error","message":"Token inválido - /api/refresh - ::1 "}
{"level":"error","message":"Token inválido - /api/refresh - ::1 "}
{"level":"error","message":"Token inválido - /api/refresh - ::1 "}
{"level":"error","message":"Token inválido - /api/refresh - ::1 "}
{"level":"error","message":"Token inválido - /api/refresh - ::1 "}
{"level":"error","message":"Token inválido - /api/refresh - ::1 "}
{"level":"error","message":"Token inválido - /api/refresh - ::1 "}
{"level":"error","message":"Token inválido - /api/refresh - ::1 "}
{"level":"error","message":"Token inválido - /api/refresh - ::1 "}
{"level":"error","message":"Token inválido - /api/refresh - ::1 "}
{"level":"error","message":"Token inválido - /api/refresh - ::1 "}
{"level":"error","message":"Token inválido - /api/refresh - ::1 "}
{"level":"error","message":"Token inválido - /api/refresh - ::1 "}
{"level":"error","message":"Token inválido - /api/refresh - ::1 "}
{"level":"error","message":"Token inválido - /api/refresh - ::1 "}
{"level":"error","message":"Token inválido - /api/refresh - ::1 "}
{"level":"error","message":"Token inválido - /api/refresh - ::1 "}
{"level":"error","message":"Token inválido - /api/refresh - ::1 "}
{"level":"error","message":"Token inválido - /api/refresh - ::1 "}
{"level":"error","message":"Token inválido - /api/refresh - ::1 "}
{"level":"error","message":"Token inválido - /api/refresh - ::1 "}
{"level":"error","message":"Token inválido - /api/refresh - ::1 "}
{"level":"error","message":"Token inválido - /api/refresh - ::1 "}
{"level":"error","message":"Token inválido - /api/refresh - ::1 "}
{"level":"error","message":"Token inválido - /api/refresh - ::1 "}
{"level":"error","message":"Token inválido - /api/refresh - ::1 "}
{"level":"error","message":"Token inválido - /api/refresh - ::1 "}
{"level":"error","message":"Token inválido - /api/refresh - ::1 "}
{"level":"error","message":"Token inválido - /api/refresh - ::1 "}
{"level":"error","message":"Token inválido - /api/refresh - ::1 "}
{"level":"error","message":"Token inválido - /api/refresh - ::1 "}
{"level":"error","message":"Token inválido - /api/refresh - ::1 "}
{"level":"error","message":"Token inválido - /api/refresh - ::1 "}
{"level":"error","message":"Token inválido - /api/refresh - ::1 "}
{"level":"error","message":"Token inválido - /api/refresh - ::1 "}
{"level":"error","message":"Token inválido - /api/refresh - ::1 "}
{"level":"error","message":"Token inválido - /api/refresh - ::1 "}
{"level":"error","message":"Token inválido - /api/refresh - ::1 "}
{"level":"error","message":"Token inválido - /api/refresh - ::1 "}
{"level":"error","message":"Token inválido - /api/refresh - ::1 "}
{"level":"error","message":"Token inválido - /api/refresh - ::1 "}
{"level":"error","message":"Token inválido - /api/refresh - ::1 "}
{"level":"error","message":"Token inválido - /api/refresh - ::1 "}
{"level":"error","message":"Token inválido - /api/refresh - ::1 "}
{"level":"error","message":"Token inválido - /api/refresh - ::1 "}
{"level":"error","message":"Token inválido - /api/refresh - ::1 "}
{"level":"error","message":"Token inválido - /api/refresh - ::1 "}
{"level":"error","message":"Token inválido - /api/refresh - ::1 "}
{"level":"error","message":"Token inválido - /api/refresh - ::1 "}
{"level":"error","message":"Token inválido - /api/refresh - ::1 "}
{"level":"error","message":"Token inválido - /api/refresh - ::1 "}
{"level":"error","message":"Token inválido - /api/refresh - ::1 "}
{"level":"error","message":"Token inválido - /api/refresh - ::1 "}
{"level":"error","message":"Token inválido - /api/refresh - ::1 "}
{"level":"error","message":"Token inválido - /api/refresh - ::1 "}
{"level":"error","message":"Token inválido - /api/refresh - ::1 "}
{"level":"error","message":"Token Inválido! - /api/area - ::1 "}
{"level":"error","message":"Token inválido - /api/refresh - ::1 "}
{"level":"error","message":"Token inválido - /api/refresh - ::1 "}
{"level":"error","message":"Token inválido - /api/refresh - ::1 "}
{"level":"error","message":"Token inválido - /api/refresh - ::1 "}
{"level":"error","message":"Token inválido - /api/refresh - ::1 "}
{"level":"error","message":"Token inválido - /api/refresh - ::1 "}
{"level":"error","message":"Token inválido - /api/refresh - ::1 "}
{"level":"error","message":"Token inválido - /api/refresh - ::1 "}
{"level":"error","message":"Token inválido - /api/refresh - ::1 "}
{"level":"error","message":"Token inválido - /api/refresh - ::1 "}
{"level":"error","message":"Token inválido - /api/refresh - ::1 "}
{"level":"error","message":"Token inválido - /api/refresh - ::1 "}
{"level":"error","message":"Token inválido - /api/refresh - ::1 "}
{"level":"error","message":"Token inválido - /api/refresh - ::1 "}
{"level":"error","message":"Token inválido - /api/refresh - ::1 "}
{"level":"error","message":"Token inválido - /api/refresh - ::1 "}
{"level":"error","message":"Token inválido - /api/refresh - ::1 "}
{"level":"error","message":"Token inválido - /api/refresh - ::1 "}
{"level":"error","message":"Token inválido - /api/refresh - ::1 "}
{"level":"error","message":"Token inválido - /api/refresh - ::1 "}
{"level":"error","message":"Token inválido - /api/refresh - ::1 "}
{"level":"error","message":"Token inválido - /api/refresh - ::1 "}
{"level":"error","message":"Token inválido - /api/refresh - ::1 "}
{"level":"error","message":"Token inválido - /api/refresh - ::1 "}
{"level":"error","message":"Token inválido - /api/refresh - ::1 "}
{"level":"error","message":"Token inválido - /api/refresh - ::1 "}
{"level":"error","message":"Token inválido - /api/refresh - ::1 "}
{"level":"error","message":"Token inválido - /api/refresh - ::1 "}
{"level":"error","message":"Token inválido - /api/refresh - ::1 "}
{"level":"error","message":"Token inválido - /api/refresh - ::1 "}
{"level":"error","message":"Token inválido - /api/refresh - ::1 "}
{"level":"error","message":"Token inválido - /api/refresh - ::1 "}
{"level":"error","message":"Token inválido - /api/refresh - ::1 "}
{"level":"error","message":"Token inválido - /api/refresh - ::1 "}
{"level":"error","message":"Token inválido - /api/refresh - ::1 "}
{"level":"error","message":"Token inválido - /api/refresh - ::1 "}
{"level":"error","message":"Token inválido - /api/refresh - ::1 "}
{"level":"error","message":"Token inválido - /api/refresh - ::1 "}
{"level":"error","message":"Token inválido - /api/refresh - ::1 "}
{"level":"error","message":"Token inválido - /api/refresh - ::1 "}
{"level":"error","message":"Token inválido - /api/refresh - ::1 "}
{"level":"error","message":"Token inválido - /api/refresh - ::1 "}
{"level":"error","message":"Token inválido - /api/refresh - ::1 "}
{"level":"error","message":"Token inválido - /api/refresh - ::1 "}
{"level":"error","message":"Token inválido - /api/refresh - ::1 "}
{"level":"error","message":"Token inválido - /api/refresh - ::1 "}
{"level":"error","message":"Token inválido - /api/refresh - ::1 "}
{"level":"error","message":"Token inválido - /api/refresh - ::1 "}
{"level":"error","message":"Token inválido - /api/refresh - ::1 "}
{"level":"error","message":"Token inválido - /api/refresh - ::1 "}
{"level":"error","message":"Token inválido - /api/refresh - ::1 "}
{"level":"error","message":"Token inválido - /api/refresh - ::1 "}
{"level":"error","message":"Token inválido - /api/refresh - ::1 "}
{"level":"error","message":"Token inválido - /api/refresh - ::1 "}
{"level":"error","message":"Token inválido - /api/refresh - ::1 "}
{"level":"error","message":"Token inválido - /api/refresh - ::1 "}
{"level":"error","message":"Token inválido - /api/refresh - ::1 "}
{"level":"error","message":"Token inválido - /api/refresh - ::1 "}
{"level":"error","message":"Token inválido - /api/refresh - ::1 "}
{"level":"error","message":"Token inválido - /api/refresh - ::1 "}
{"level":"error","message":"Token inválido - /api/refresh - ::1 "}
{"level":"error","message":"Token inválido - /api/refresh - ::1 "}
{"level":"error","message":"Token inválido - /api/refresh - ::1 "}
{"level":"error","message":"Token inválido - /api/refresh - ::1 "}
{"level":"error","message":"Token inválido - /api/refresh - ::1 "}
{"level":"error","message":"Token inválido - /api/refresh - ::1 "}
{"level":"error","message":"Token inválido - /api/refresh - ::1 "}
{"level":"error","message":"Token inválido - /api/refresh - ::1 "}
{"level":"error","message":"Token inválido - /api/refresh - ::1 "}
{"level":"error","message":"Token inválido - /api/refresh - ::1 "}
{"level":"error","message":"Token inválido - /api/refresh - ::1 "}
{"level":"error","message":"Token inválido - /api/refresh - ::1 "}
{"level":"error","message":"Token inválido - /api/refresh - ::1 "}
{"level":"error","message":"Token inválido - /api/refresh - ::1 "}
{"level":"error","message":"Token inválido - /api/refresh - ::1 "}
{"level":"error","message":"Token inválido - /api/refresh - ::1 "}
{"level":"error","message":"Token inválido - /api/refresh - ::1 "}
{"level":"error","message":"Token inválido - /api/refresh - ::1 "}
{"level":"error","message":"Token inválido - /api/refresh - ::1 "}
{"level":"error","message":"Token inválido - /api/refresh - ::1 "}
{"level":"error","message":"Token inválido - /api/refresh - ::1 "}
{"level":"error","message":"Token inválido - /api/refresh - ::1 "}
{"level":"error","message":"Token inválido - /api/refresh - ::1 "}
{"level":"error","message":"Token inválido - /api/refresh - ::1 "}
{"level":"error","message":"Token inválido - /api/refresh - ::1 "}
{"level":"error","message":"Token inválido - /api/refresh - ::1 "}
{"level":"error","message":"Token inválido - /api/refresh - ::1 "}
{"level":"error","message":"Token inválido - /api/refresh - ::1 "}
{"level":"error","message":"Token inválido - /api/refresh - ::1 "}
{"level":"error","message":"Token inválido - /api/refresh - ::1 "}
{"level":"error","message":"Token inválido - /api/refresh - ::1 "}
{"level":"error","message":"Token inválido - /api/refresh - ::1 "}
{"level":"error","message":"Token inválido - /api/refresh - ::1 "}
{"level":"error","message":"Token inválido - /api/refresh - ::1 "}
{"level":"error","message":"Token inválido - /api/refresh - ::1 "}
{"level":"error","message":"Token inválido - /api/refresh - ::1 "}
{"level":"error","message":"Token inválido - /api/refresh - ::1 "}
{"level":"error","message":"Token Inválido! - /api/area - ::1 "}
{"level":"error","message":"Token Inválido! - /api/area - ::1 "}
{"level":"error","message":"Token Inválido! - /api/area - ::1 "}
{"level":"error","message":"Token inválido - /api/refresh - ::1 "}
{"level":"error","message":"Token inválido - /api/refresh - ::1 "}
{"level":"error","message":"Token inválido - /api/refresh - ::1 "}
{"level":"error","message":"Token inválido - /api/refresh - ::1 "}
{"level":"error","message":"Token inválido - /api/refresh - ::1 "}
{"level":"error","message":"Token inválido - /api/refresh - ::1 "}
{"level":"error","message":"Token inválido - /api/refresh - ::1 "}
{"level":"error","message":"Token inválido - /api/refresh - ::1 "}
{"level":"error","message":"Token inválido - /api/refresh - ::1 "}
{"level":"error","message":"Token inválido - /api/refresh - ::1 "}
{"level":"error","message":"Token inválido - /api/refresh - ::1 "}
{"level":"error","message":"Token inválido - /api/refresh - ::1 "}
{"level":"error","message":"Token inválido - /api/refresh - ::1 "}
{"level":"error","message":"Token inválido - /api/refresh - ::1 "}
{"level":"error","message":"Token inválido - /api/refresh - ::1 "}
{"level":"error","message":"Token inválido - /api/refresh - ::1 "}
{"level":"error","message":"Token inválido - /api/refresh - ::1 "}
{"level":"error","message":"Token inválido - /api/refresh - ::1 "}
{"level":"error","message":"Token inválido - /api/refresh - ::1 "}
{"level":"error","message":"Token inválido - /api/refresh - ::1 "}
{"level":"error","message":"Token inválido - /api/refresh - ::1 "}
{"level":"error","message":"Token inválido - /api/refresh - ::1 "}
{"level":"error","message":"Token inválido - /api/refresh - ::1 "}
{"level":"error","message":"Token inválido - /api/refresh - ::1 "}
{"level":"error","message":"Token inválido - /api/refresh - ::1 "}
{"level":"error","message":"Token inválido - /api/refresh - ::1 "}
{"level":"error","message":"Token inválido - /api/refresh - ::1 "}
{"level":"error","message":"Token inválido - /api/refresh - ::1 "}
{"level":"error","message":"Token inválido - /api/refresh - ::1 "}
{"level":"error","message":"Token inválido - /api/refresh - ::1 "}
{"level":"error","message":"Token inválido - /api/refresh - ::1 "}
{"level":"error","message":"Token inválido - /api/refresh - ::1 "}
{"level":"error","message":"Token inválido - /api/refresh - ::1 "}
{"level":"error","message":"Token inválido - /api/refresh - ::1 "}
{"level":"error","message":"Token inválido - /api/refresh - ::1 "}
{"level":"error","message":"Token inválido - /api/refresh - ::1 "}
{"level":"error","message":"Token inválido - /api/refresh - ::1 "}
{"level":"error","message":"Token inválido - /api/refresh - ::1 "}
{"level":"error","message":"Token inválido - /api/refresh - ::1 "}
{"level":"error","message":"Token inválido - /api/refresh - ::1 "}
{"level":"error","message":"Token inválido - /api/refresh - ::1 "}
{"level":"error","message":"Token inválido - /api/refresh - ::1 "}
{"level":"error","message":"Token inválido - /api/refresh - ::1 "}
{"level":"error","message":"Token inválido - /api/refresh - ::1 "}
{"level":"error","message":"Token inválido - /api/refresh - ::1 "}
{"level":"error","message":"Token inválido - /api/refresh - ::1 "}
{"level":"error","message":"Token inválido - /api/refresh - ::1 "}
{"level":"error","message":"Token inválido - /api/refresh - ::1 "}
{"level":"error","message":"Token inválido - /api/refresh - ::1 "}
{"level":"error","message":"Token inválido - /api/refresh - ::1 "}
{"level":"error","message":"Token inválido - /api/refresh - ::1 "}
{"level":"error","message":"Token inválido - /api/refresh - ::1 "}
{"level":"error","message":"Token inválido - /api/refresh - ::1 "}
{"level":"error","message":"Token inválido - /api/refresh - ::1 "}
{"level":"error","message":"Token inválido - /api/refresh - ::1 "}
{"level":"error","message":"Token inválido - /api/refresh - ::1 "}
{"level":"error","message":"Token inválido - /api/refresh - ::1 "}
{"level":"error","message":"Token inválido - /api/refresh - ::1 "}
{"level":"error","message":"Token inválido - /api/refresh - ::1 "}
{"level":"error","message":"Token inválido - /api/refresh - ::1 "}
{"level":"error","message":"Token inválido - /api/refresh - ::1 "}
{"level":"error","message":"Token inválido - /api/refresh - ::1 "}
{"level":"error","message":"Token inválido - /api/refresh - ::1 "}
{"level":"error","message":"Token inválido - /api/refresh - ::1 "}
{"level":"error","message":"Token inválido - /api/refresh - ::1 "}
{"level":"error","message":"Token inválido - /api/refresh - ::1 "}
{"level":"error","message":"Token inválido - /api/refresh - ::1 "}
{"level":"error","message":"Token inválido - /api/refresh - ::1 "}
{"level":"error","message":"Token inválido - /api/refresh - ::1 "}
{"level":"error","message":"Token inválido - /api/refresh - ::1 "}
{"level":"error","message":"Token inválido - /api/refresh - ::1 "}
{"level":"error","message":"Token inválido - /api/refresh - ::1 "}
{"level":"error","message":"Token inválido - /api/refresh - ::1 "}
{"level":"error","message":"Token inválido - /api/refresh - ::1 "}
{"level":"error","message":"Token inválido - /api/refresh - ::1 "}
{"level":"error","message":"Token inválido - /api/refresh - ::1 "}
{"level":"error","message":"Token inválido - /api/refresh - ::1 "}
{"level":"error","message":"Token inválido - /api/refresh - ::1 "}
{"level":"error","message":"Token inválido - /api/refresh - ::1 "}
{"level":"error","message":"Token inválido - /api/refresh - ::1 "}
{"level":"error","message":"Token inválido - /api/refresh - ::1 "}
{"level":"error","message":"Token inválido - /api/refresh - ::1 "}
{"level":"error","message":"Token inválido - /api/refresh - ::1 "}
{"level":"error","message":"Token inválido - /api/refresh - ::1 "}
{"level":"error","message":"Token inválido - /api/refresh - ::1 "}
{"level":"error","message":"Token inválido - /api/refresh - ::1 "}
{"level":"error","message":"Token inválido - /api/refresh - ::1 "}
{"level":"error","message":"Token inválido - /api/refresh - ::1 "}
{"level":"error","message":"Token inválido - /api/refresh - ::1 "}
{"level":"error","message":"Token inválido - /api/refresh - ::1 "}
{"level":"error","message":"Token inválido - /api/refresh - ::1 "}
{"level":"error","message":"Token inválido - /api/refresh - ::1 "}
{"level":"error","message":"Token Inválido! - /api/sensors - ::1 "}
{"level":"error","message":"Token Inválido! - /api/sensors - ::1 "}
{"level":"error","message":"Token Inválido! - /api/area - ::1 "}
{"level":"error","message":"Token Inválido! - /api/area - ::1 "}
{"level":"error","message":"Token Inválido! - /api/sensors - ::1 "}
{"level":"error","message":"Token Inválido! - /api/sensors - ::1 "}
{"level":"error","message":"Token Inválido! - /api/area - ::1 "}
{"level":"error","message":"Token inválido - /api/refresh - ::1 "}
{"level":"error","message":"Token inválido - /api/refresh - ::1 "}
{"level":"error","message":"Token inválido - /api/refresh - ::1 "}
{"level":"error","message":"Token inválido - /api/refresh - ::1 "}
{"level":"error","message":"Token inválido - /api/refresh - ::1 "}
{"level":"error","message":"Token inválido - /api/refresh - ::1 "}
{"level":"error","message":"Token inválido - /api/refresh - ::1 "}
{"level":"error","message":"Token inválido - /api/refresh - ::1 "}
{"level":"error","message":"Token inválido - /api/refresh - ::1 "}
{"level":"error","message":"Token inválido - /api/refresh - ::1 "}
{"level":"error","message":"Token inválido - /api/refresh - ::1 "}
{"level":"error","message":"Token inválido - /api/refresh - ::1 "}
{"level":"error","message":"Token inválido - /api/refresh - ::1 "}
{"level":"error","message":"Token inválido - /api/refresh - ::1 "}
{"level":"error","message":"Token inválido - /api/refresh - ::1 "}
{"level":"error","message":"Token inválido - /api/refresh - ::1 "}
{"level":"error","message":"Token inválido - /api/refresh - ::1 "}
{"level":"error","message":"Token inválido - /api/refresh - ::1 "}
{"level":"error","message":"Token inválido - /api/refresh - ::1 "}
{"level":"error","message":"Token inválido - /api/refresh - ::1 "}
{"level":"error","message":"Token inválido - /api/refresh - ::1 "}
{"level":"error","message":"Token inválido - /api/refresh - ::1 "}
{"level":"error","message":"Token inválido - /api/refresh - ::1 "}
{"level":"error","message":"Token inválido - /api/refresh - ::1 "}
{"level":"error","message":"Token inválido - /api/refresh - ::1 "}
{"level":"error","message":"Token inválido - /api/refresh - ::1 "}
{"level":"error","message":"Token inválido - /api/refresh - ::1 "}
{"level":"error","message":"Token inválido - /api/refresh - ::1 "}
{"level":"error","message":"Token inválido - /api/refresh - ::1 "}
{"level":"error","message":"Token inválido - /api/refresh - ::1 "}
{"level":"error","message":"Token inválido - /api/refresh - ::1 "}
{"level":"error","message":"Token inválido - /api/refresh - ::1 "}
{"level":"error","message":"Token inválido - /api/refresh - ::1 "}
{"level":"error","message":"Token inválido - /api/refresh - ::1 "}
{"level":"error","message":"Token inválido - /api/refresh - ::1 "}
{"level":"error","message":"Token inválido - /api/refresh - ::1 "}
{"level":"error","message":"Token inválido - /api/refresh - ::1 "}
{"level":"error","message":"Token inválido - /api/refresh - ::1 "}
{"level":"error","message":"Token inválido - /api/refresh - ::1 "}
{"level":"error","message":"Token inválido - /api/refresh - ::1 "}
{"level":"error","message":"Token inválido - /api/refresh - ::1 "}
{"level":"error","message":"Token inválido - /api/refresh - ::1 "}
{"level":"error","message":"Token inválido - /api/refresh - ::1 "}
{"level":"error","message":"Token inválido - /api/refresh - ::1 "}
{"level":"error","message":"Token inválido - /api/refresh - ::1 "}
{"level":"error","message":"Token inválido - /api/refresh - ::1 "}
{"level":"error","message":"Token inválido - /api/refresh - ::1 "}
{"level":"error","message":"Token inválido - /api/refresh - ::1 "}
{"level":"error","message":"Token inválido - /api/refresh - ::1 "}
{"level":"error","message":"Token inválido - /api/refresh - ::1 "}
{"level":"error","message":"Token inválido - /api/refresh - ::1 "}
{"level":"error","message":"Token inválido - /api/refresh - ::1 "}
{"level":"error","message":"Token inválido - /api/refresh - ::1 "}
{"level":"error","message":"Token inválido - /api/refresh - ::1 "}
{"level":"error","message":"Token inválido - /api/refresh - ::1 "}
{"level":"error","message":"Token inválido - /api/refresh - ::1 "}
{"level":"error","message":"Token inválido - /api/refresh - ::1 "}
{"level":"error","message":"Token inválido - /api/refresh - ::1 "}
{"level":"error","message":"Token inválido - /api/refresh - ::1 "}
{"level":"error","message":"Token inválido - /api/refresh - ::1 "}
{"level":"error","message":"Token inválido - /api/refresh - ::1 "}
{"level":"error","message":"Token inválido - /api/refresh - ::1 "}
{"level":"error","message":"Token inválido - /api/refresh - ::1 "}
{"level":"error","message":"Token inválido - /api/refresh - ::1 "}
{"level":"error","message":"Token inválido - /api/refresh - ::1 "}
{"level":"error","message":"Token inválido - /api/refresh - ::1 "}
{"level":"error","message":"Token inválido - /api/refresh - ::1 "}
{"level":"error","message":"Token inválido - /api/refresh - ::1 "}
{"level":"error","message":"Token inválido - /api/refresh - ::1 "}
{"level":"error","message":"Token inválido - /api/refresh - ::1 "}
{"level":"error","message":"Token inválido - /api/refresh - ::1 "}
{"level":"error","message":"Token inválido - /api/refresh - ::1 "}
{"level":"error","message":"Token inválido - /api/refresh - ::1 "}
{"level":"error","message":"Token inválido - /api/refresh - ::1 "}
{"level":"error","message":"Token inválido - /api/refresh - ::1 "}
{"level":"error","message":"Token inválido - /api/refresh - ::1 "}
{"level":"error","message":"Token inválido - /api/refresh - ::1 "}
{"level":"error","message":"Token inválido - /api/refresh - ::1 "}
{"level":"error","message":"Token inválido - /api/refresh - ::1 "}
{"level":"error","message":"Token inválido - /api/refresh - ::1 "}
{"level":"error","message":"Token inválido - /api/refresh - ::1 "}
{"level":"error","message":"Token inválido - /api/refresh - ::1 "}
{"level":"error","message":"Token inválido - /api/refresh - ::1 "}
{"level":"error","message":"Token inválido - /api/refresh - ::1 "}
{"level":"error","message":"Token inválido - /api/refresh - ::1 "}
{"level":"error","message":"Token inválido - /api/refresh - ::1 "}
{"level":"error","message":"Cannot perform update query because update values are not defined. Call \"qb.set(...)\" method to specify updated values. - /api/leitura - ::1 "}
{"level":"error","message":"Cannot perform update query because update values are not defined. Call \"qb.set(...)\" method to specify updated values. - /api/leitura - ::1 "}
{"level":"error","message":"Cannot perform update query because update values are not defined. Call \"qb.set(...)\" method to specify updated values. - /api/leitura - ::1 "}
{"level":"error","message":"Sensor com este Serial Number já cadastrado! - /api/sensors - ::1 "}
{"level":"error","message":"Leitura não encontrada - /api/leitura/90d3edf4-0d99-4f3d-a3b8-fa089f414fd0 - ::1 "}
{"level":"error","message":"Leitura não encontrada - /api/leitura/90d3edf4-0d99-4f3d-a3b8-fa089f414fd0 - ::1 "}
